Benchmark (x100) | Startup | Redraw
-|-|-
longstl     |0:01.58 | 0:00.14

<details>
<summary>Additional information</summary>

Terminal: xterm-256color

Vim:
<pre>
VIM - Vi IMproved 8.2 (2019 Dec 12, compiled Jun  3 2020 03:38:59)
Included patches: 1-890
Compiled by mansourah@mansourah
Huge version without GUI.  Features included (+) or not (-):
+acl               -farsi             +mouse_sgr         +tag_binary
+arabic            +file_in_path      -mouse_sysmouse    -tag_old_static
+autocmd           +find_in_path      +mouse_urxvt       -tag_any_white
+autochdir         +float             +mouse_xterm       -tcl
-autoservername    +folding           +multi_byte        +termguicolors
-balloon_eval      -footer            +multi_lang        +terminal
+balloon_eval_term +fork()            -mzscheme          +terminfo
-browse            +gettext           +netbeans_intg     +termresponse
++builtin_terms    -hangul_input      +num64             +textobjects
+byte_offset       +iconv             +packages          +textprop
+channel           +insert_expand     +path_extra        +timers
+cindent           +ipv6              +perl              +title
+clientserver      +job               +persistent_undo   -toolbar
+clipboard         +jumplist          +popupwin          +user_commands
+cmdline_compl     +keymap            +postscript        +vartabs
+cmdline_hist      +lambda            +printer           +vertsplit
+cmdline_info      +langmap           +profile           +virtualedit
+comments          +libcall           -python            +visual
+conceal           +linebreak         +python3           +visualextra
+cryptv            +lispindent        +quickfix          +viminfo
+cscope            +listcmds          +reltime           +vreplace
+cursorbind        +localmap          +rightleft         +wildignore
+cursorshape       -lua               +ruby              +wildmenu
+dialog_con        +menu              +scrollbind        +windows
+diff              +mksession         +signs             +writebackup
+digraphs          +modify_fname      +smartindent       +X11
-dnd               +mouse             +sound             +xfontset
-ebcdic            -mouseshape        +spell             -xim
+emacs_tags        +mouse_dec         +startuptime       +xpm
+eval              -mouse_gpm         +statusline        +xsmp_interact
+ex_extra          -mouse_jsbterm     -sun_workshop      +xterm_clipboard
+extra_search      +mouse_netterm     +syntax            -xterm_save
   system vimrc file: "$VIM/vimrc"
     user vimrc file: "$HOME/.vimrc"
 2nd user vimrc file: "~/.vim/vimrc"
      user exrc file: "$HOME/.exrc"
       defaults file: "$VIMRUNTIME/defaults.vim"
  fall-back for $VIM: "/usr/local/share/vim"
Compilation: gcc -c -I. -Iproto -DHAVE_CONFIG_H     -g -O2 -D_REENTRANT -U_FORTIFY_SOURCE -D_FORTIFY_SOURCE=1       
Linking: gcc   -L. -Wl,-Bsymbolic-functions -Wl,-z,relro -Wl,-z,now -fstack-protector -rdynamic -Wl,-export-dynamic -Wl,-E   -L/usr/local/lib -Wl,--as-needed -o vim    -lSM -lICE -lXpm -lXt -lX11 -lXdmcp -lSM -lICE  -lm -ltinfo -lelf  -lselinux  -lcanberra -ldl   -Wl,-E  -fstack-protector-strong -L/usr/local/lib  -L/usr/lib/x86_64-linux-gnu/perl/5.26/CORE -lperl -ldl -lm -lpthread -lcrypt  -L/usr/lib/python3.6/config-3.6m-x86_64-linux-gnu -lpython3.6m -lpthread -ldl -lutil -lm  -lruby-2.5 -lpthread -lgmp -ldl -lcrypt -lm     
</pre></details>


Benchmark (x100) | Startup | Redraw
-|-|-
longstl     |0:01.55 | 0:00.13

<details>
<summary>Additional information</summary>

Terminal: xterm-256color

Vim:
<pre>
VIM - Vi IMproved 8.2 (2019 Dec 12, compiled Jun  3 2020 03:38:59)
Included patches: 1-890
Compiled by mansourah@mansourah
Huge version without GUI.  Features included (+) or not (-):
+acl               -farsi             +mouse_sgr         +tag_binary
+arabic            +file_in_path      -mouse_sysmouse    -tag_old_static
+autocmd           +find_in_path      +mouse_urxvt       -tag_any_white
+autochdir         +float             +mouse_xterm       -tcl
-autoservername    +folding           +multi_byte        +termguicolors
-balloon_eval      -footer            +multi_lang        +terminal
+balloon_eval_term +fork()            -mzscheme          +terminfo
-browse            +gettext           +netbeans_intg     +termresponse
++builtin_terms    -hangul_input      +num64             +textobjects
+byte_offset       +iconv             +packages          +textprop
+channel           +insert_expand     +path_extra        +timers
+cindent           +ipv6              +perl              +title
+clientserver      +job               +persistent_undo   -toolbar
+clipboard         +jumplist          +popupwin          +user_commands
+cmdline_compl     +keymap            +postscript        +vartabs
+cmdline_hist      +lambda            +printer           +vertsplit
+cmdline_info      +langmap           +profile           +virtualedit
+comments          +libcall           -python            +visual
+conceal           +linebreak         +python3           +visualextra
+cryptv            +lispindent        +quickfix          +viminfo
+cscope            +listcmds          +reltime           +vreplace
+cursorbind        +localmap          +rightleft         +wildignore
+cursorshape       -lua               +ruby              +wildmenu
+dialog_con        +menu              +scrollbind        +windows
+diff              +mksession         +signs             +writebackup
+digraphs          +modify_fname      +smartindent       +X11
-dnd               +mouse             +sound             +xfontset
-ebcdic            -mouseshape        +spell             -xim
+emacs_tags        +mouse_dec         +startuptime       +xpm
+eval              -mouse_gpm         +statusline        +xsmp_interact
+ex_extra          -mouse_jsbterm     -sun_workshop      +xterm_clipboard
+extra_search      +mouse_netterm     +syntax            -xterm_save
   system vimrc file: "$VIM/vimrc"
     user vimrc file: "$HOME/.vimrc"
 2nd user vimrc file: "~/.vim/vimrc"
      user exrc file: "$HOME/.exrc"
       defaults file: "$VIMRUNTIME/defaults.vim"
  fall-back for $VIM: "/usr/local/share/vim"
Compilation: gcc -c -I. -Iproto -DHAVE_CONFIG_H     -g -O2 -D_REENTRANT -U_FORTIFY_SOURCE -D_FORTIFY_SOURCE=1       
Linking: gcc   -L. -Wl,-Bsymbolic-functions -Wl,-z,relro -Wl,-z,now -fstack-protector -rdynamic -Wl,-export-dynamic -Wl,-E   -L/usr/local/lib -Wl,--as-needed -o vim    -lSM -lICE -lXpm -lXt -lX11 -lXdmcp -lSM -lICE  -lm -ltinfo -lelf  -lselinux  -lcanberra -ldl   -Wl,-E  -fstack-protector-strong -L/usr/local/lib  -L/usr/lib/x86_64-linux-gnu/perl/5.26/CORE -lperl -ldl -lm -lpthread -lcrypt  -L/usr/lib/python3.6/config-3.6m-x86_64-linux-gnu -lpython3.6m -lpthread -ldl -lutil -lm  -lruby-2.5 -lpthread -lgmp -ldl -lcrypt -lm     
</pre></details>
